<?xml version="1.0" encoding="UTF-8"?>
<!-- Generated by org.testng.reporters.JUnitReportReporter -->
<testsuite skipped="0" hostname="DESKTOP-RTF2S31" name="com.inetBanking.testCases.TC_LoginDDT_002" tests="2" failures="0" timestamp="09 Apr 2019 03:07:06 GMT" time="3.438" errors="0">
  <testcase name="LoginDDT" time="1.164" classname="com.inetBanking.testCases.TC_LoginDDT_002"/>
  <testcase name="LoginDDT" time="2.274" classname="com.inetBanking.testCases.TC_LoginDDT_002"/>
</testsuite> <!-- com.inetBanking.testCases.TC_LoginDDT_002 -->
