<?xml version="1.0" encoding="UTF-8"?>
<!-- Generated by org.testng.reporters.JUnitReportReporter -->
<testsuite hostname="DESKTOP-RTF2S31" name="com.inetBanking.testCases.TC_LoginDDT_002" tests="2" failures="0" timestamp="13 Apr 2019 02:03:32 GMT" time="4.226" errors="0">
  <testcase name="LoginDDT" time="1.843" classname="com.inetBanking.testCases.TC_LoginDDT_002"/>
  <testcase name="LoginDDT" time="2.383" classname="com.inetBanking.testCases.TC_LoginDDT_002"/>
</testsuite> <!-- com.inetBanking.testCases.TC_LoginDDT_002 -->
